[2024-06-22T04:37:17.393+0000] {local_task_job_runner.py:120} INFO - ::group::Pre task execution logs
[2024-06-22T04:37:17.403+0000] {taskinstance.py:2076} INFO - Dependencies all met for dep_context=non-requeueable deps ti=<TaskInstance: example_bash_operator.runme_1 manual__2024-06-22T04:37:12+00:00 [queued]>
[2024-06-22T04:37:17.407+0000] {taskinstance.py:2076} INFO - Dependencies all met for dep_context=requeueable deps ti=<TaskInstance: example_bash_operator.runme_1 manual__2024-06-22T04:37:12+00:00 [queued]>
[2024-06-22T04:37:17.408+0000] {taskinstance.py:2306} INFO - Starting attempt 1 of 1
[2024-06-22T04:37:17.415+0000] {taskinstance.py:2330} INFO - Executing <Task(BashOperator): runme_1> on 2024-06-22 04:37:12+00:00
[2024-06-22T04:37:17.419+0000] {warnings.py:112} WARNING - /home/***/.local/lib/python3.12/site-packages/***/task/task_runner/standard_task_runner.py:61: DeprecationWarning: This process (pid=450) is multi-threaded, use of fork() may lead to deadlocks in the child.
  pid = os.fork()

[2024-06-22T04:37:17.420+0000] {standard_task_runner.py:63} INFO - Started process 460 to run task
[2024-06-22T04:37:17.420+0000] {standard_task_runner.py:90} INFO - Running: ['***', 'tasks', 'run', 'example_bash_operator', 'runme_1', 'manual__2024-06-22T04:37:12+00:00', '--job-id', '15', '--raw', '--subdir', '/home/***/.local/lib/python3.12/site-packages/***/example_dags/example_bash_operator.py', '--cfg-path', '/tmp/tmphkhf0a12']
[2024-06-22T04:37:17.423+0000] {standard_task_runner.py:91} INFO - Job 15: Subtask runme_1
[2024-06-22T04:37:17.446+0000] {task_command.py:426} INFO - Running <TaskInstance: example_bash_operator.runme_1 manual__2024-06-22T04:37:12+00:00 [running]> on host 68024e0e7430
[2024-06-22T04:37:17.492+0000] {taskinstance.py:2648} INFO - Exporting env vars: AIRFLOW_CTX_DAG_OWNER='***' AIRFLOW_CTX_DAG_ID='example_bash_operator' AIRFLOW_CTX_TASK_ID='runme_1' AIRFLOW_CTX_EXECUTION_DATE='2024-06-22T04:37:12+00:00' AIRFLOW_CTX_TRY_NUMBER='1' AIRFLOW_CTX_DAG_RUN_ID='manual__2024-06-22T04:37:12+00:00'
[2024-06-22T04:37:17.493+0000] {taskinstance.py:430} INFO - ::endgroup::
[2024-06-22T04:37:17.494+0000] {subprocess.py:63} INFO - Tmp dir root location: /tmp
[2024-06-22T04:37:17.495+0000] {subprocess.py:75} INFO - Running command: ['/usr/bin/bash', '-c', 'echo "example_bash_operator__runme_1__20240622" && sleep 1']
[2024-06-22T04:37:17.501+0000] {subprocess.py:86} INFO - Output:
[2024-06-22T04:37:17.502+0000] {subprocess.py:93} INFO - example_bash_operator__runme_1__20240622
[2024-06-22T04:37:18.504+0000] {subprocess.py:97} INFO - Command exited with return code 0
[2024-06-22T04:37:18.508+0000] {taskinstance.py:441} INFO - ::group::Post task execution logs
[2024-06-22T04:37:18.541+0000] {taskinstance.py:1206} INFO - Marking task as SUCCESS. dag_id=example_bash_operator, task_id=runme_1, run_id=manual__2024-06-22T04:37:12+00:00, execution_date=20240622T043712, start_date=20240622T043717, end_date=20240622T043718
[2024-06-22T04:37:18.599+0000] {local_task_job_runner.py:240} INFO - Task exited with return code 0
[2024-06-22T04:37:18.604+0000] {local_task_job_runner.py:222} INFO - ::endgroup::
