[2024-06-22T07:30:54.888+0000] {local_task_job_runner.py:120} INFO - ::group::Pre task execution logs
[2024-06-22T07:30:54.901+0000] {taskinstance.py:2076} INFO - Dependencies all met for dep_context=non-requeueable deps ti=<TaskInstance: first_dag.first_task manual__2024-06-22T07:30:53.696476+00:00 [queued]>
[2024-06-22T07:30:54.905+0000] {taskinstance.py:2076} INFO - Dependencies all met for dep_context=requeueable deps ti=<TaskInstance: first_dag.first_task manual__2024-06-22T07:30:53.696476+00:00 [queued]>
[2024-06-22T07:30:54.905+0000] {taskinstance.py:2306} INFO - Starting attempt 1 of 6
[2024-06-22T07:30:54.912+0000] {taskinstance.py:2330} INFO - Executing <Task(BashOperator): first_task> on 2024-06-22 07:30:53.696476+00:00
[2024-06-22T07:30:54.915+0000] {warnings.py:112} WARNING - /home/***/.local/lib/python3.12/site-packages/***/task/task_runner/standard_task_runner.py:61: DeprecationWarning: This process (pid=1831) is multi-threaded, use of fork() may lead to deadlocks in the child.
  pid = os.fork()

[2024-06-22T07:30:54.916+0000] {standard_task_runner.py:63} INFO - Started process 1832 to run task
[2024-06-22T07:30:54.916+0000] {standard_task_runner.py:90} INFO - Running: ['***', 'tasks', 'run', 'first_dag', 'first_task', 'manual__2024-06-22T07:30:53.696476+00:00', '--job-id', '5', '--raw', '--subdir', 'DAGS_FOLDER/first_dag.py', '--cfg-path', '/tmp/tmpg_0asel8']
[2024-06-22T07:30:54.917+0000] {standard_task_runner.py:91} INFO - Job 5: Subtask first_task
[2024-06-22T07:30:54.942+0000] {task_command.py:426} INFO - Running <TaskInstance: first_dag.first_task manual__2024-06-22T07:30:53.696476+00:00 [running]> on host 65f8df8d6172
[2024-06-22T07:30:54.985+0000] {taskinstance.py:2648} INFO - Exporting env vars: AIRFLOW_CTX_DAG_OWNER='gnosia93' AIRFLOW_CTX_DAG_ID='first_dag' AIRFLOW_CTX_TASK_ID='first_task' AIRFLOW_CTX_EXECUTION_DATE='2024-06-22T07:30:53.696476+00:00' AIRFLOW_CTX_TRY_NUMBER='1' AIRFLOW_CTX_DAG_RUN_ID='manual__2024-06-22T07:30:53.696476+00:00'
[2024-06-22T07:30:54.985+0000] {taskinstance.py:430} INFO - ::endgroup::
[2024-06-22T07:30:54.992+0000] {subprocess.py:63} INFO - Tmp dir root location: /tmp
[2024-06-22T07:30:54.993+0000] {subprocess.py:75} INFO - Running command: ['/usr/bin/bash', '-c', 'echo hello world. gnosia93']
[2024-06-22T07:30:54.998+0000] {subprocess.py:86} INFO - Output:
[2024-06-22T07:30:54.998+0000] {subprocess.py:93} INFO - hello world. gnosia93
[2024-06-22T07:30:54.999+0000] {subprocess.py:97} INFO - Command exited with return code 0
[2024-06-22T07:30:54.999+0000] {taskinstance.py:441} INFO - ::group::Post task execution logs
[2024-06-22T07:30:55.015+0000] {taskinstance.py:1206} INFO - Marking task as SUCCESS. dag_id=first_dag, task_id=first_task, run_id=manual__2024-06-22T07:30:53.696476+00:00, execution_date=20240622T073053, start_date=20240622T073054, end_date=20240622T073055
[2024-06-22T07:30:55.055+0000] {local_task_job_runner.py:240} INFO - Task exited with return code 0
[2024-06-22T07:30:55.063+0000] {taskinstance.py:3503} INFO - 0 downstream tasks scheduled from follow-on schedule check
[2024-06-22T07:30:55.064+0000] {local_task_job_runner.py:222} INFO - ::endgroup::
