[2024-06-22T04:35:38.038+0000] {local_task_job_runner.py:120} INFO - ::group::Pre task execution logs
[2024-06-22T04:35:38.051+0000] {taskinstance.py:2076} INFO - Dependencies all met for dep_context=non-requeueable deps ti=<TaskInstance: example_bash_operator.also_run_this scheduled__2024-06-21T00:00:00+00:00 [queued]>
[2024-06-22T04:35:38.056+0000] {taskinstance.py:2076} INFO - Dependencies all met for dep_context=requeueable deps ti=<TaskInstance: example_bash_operator.also_run_this scheduled__2024-06-21T00:00:00+00:00 [queued]>
[2024-06-22T04:35:38.056+0000] {taskinstance.py:2306} INFO - Starting attempt 1 of 1
[2024-06-22T04:35:38.063+0000] {taskinstance.py:2330} INFO - Executing <Task(BashOperator): also_run_this> on 2024-06-21 00:00:00+00:00
[2024-06-22T04:35:38.066+0000] {warnings.py:112} WARNING - /home/***/.local/lib/python3.12/site-packages/***/task/task_runner/standard_task_runner.py:61: DeprecationWarning: This process (pid=403) is multi-threaded, use of fork() may lead to deadlocks in the child.
  pid = os.fork()

[2024-06-22T04:35:38.068+0000] {standard_task_runner.py:63} INFO - Started process 410 to run task
[2024-06-22T04:35:38.068+0000] {standard_task_runner.py:90} INFO - Running: ['***', 'tasks', 'run', 'example_bash_operator', 'also_run_this', 'scheduled__2024-06-21T00:00:00+00:00', '--job-id', '7', '--raw', '--subdir', '/home/***/.local/lib/python3.12/site-packages/***/example_dags/example_bash_operator.py', '--cfg-path', '/tmp/tmpr2ofqwkz']
[2024-06-22T04:35:38.072+0000] {standard_task_runner.py:91} INFO - Job 7: Subtask also_run_this
[2024-06-22T04:35:38.107+0000] {task_command.py:426} INFO - Running <TaskInstance: example_bash_operator.also_run_this scheduled__2024-06-21T00:00:00+00:00 [running]> on host 68024e0e7430
[2024-06-22T04:35:38.154+0000] {taskinstance.py:2648} INFO - Exporting env vars: AIRFLOW_CTX_DAG_OWNER='***' AIRFLOW_CTX_DAG_ID='example_bash_operator' AIRFLOW_CTX_TASK_ID='also_run_this' AIRFLOW_CTX_EXECUTION_DATE='2024-06-21T00:00:00+00:00' AIRFLOW_CTX_TRY_NUMBER='1' AIRFLOW_CTX_DAG_RUN_ID='scheduled__2024-06-21T00:00:00+00:00'
[2024-06-22T04:35:38.156+0000] {taskinstance.py:430} INFO - ::endgroup::
[2024-06-22T04:35:38.156+0000] {subprocess.py:63} INFO - Tmp dir root location: /tmp
[2024-06-22T04:35:38.157+0000] {subprocess.py:75} INFO - Running command: ['/usr/bin/bash', '-c', 'echo "ti_key=example_bash_operator__also_run_this__20240621"']
[2024-06-22T04:35:38.164+0000] {subprocess.py:86} INFO - Output:
[2024-06-22T04:35:38.165+0000] {subprocess.py:93} INFO - ti_key=example_bash_operator__also_run_this__20240621
[2024-06-22T04:35:38.165+0000] {subprocess.py:97} INFO - Command exited with return code 0
[2024-06-22T04:35:38.166+0000] {taskinstance.py:441} INFO - ::group::Post task execution logs
[2024-06-22T04:35:38.178+0000] {taskinstance.py:1206} INFO - Marking task as SUCCESS. dag_id=example_bash_operator, task_id=also_run_this, run_id=scheduled__2024-06-21T00:00:00+00:00, execution_date=20240621T000000, start_date=20240622T043538, end_date=20240622T043538
[2024-06-22T04:35:38.211+0000] {local_task_job_runner.py:240} INFO - Task exited with return code 0
[2024-06-22T04:35:38.223+0000] {taskinstance.py:3503} INFO - 0 downstream tasks scheduled from follow-on schedule check
[2024-06-22T04:35:38.225+0000] {local_task_job_runner.py:222} INFO - ::endgroup::
