[2024-06-22T07:57:28.406+0000] {local_task_job_runner.py:120} INFO - ::group::Pre task execution logs
[2024-06-22T07:57:28.416+0000] {taskinstance.py:2076} INFO - Dependencies all met for dep_context=non-requeueable deps ti=<TaskInstance: python_dag.greeting manual__2024-06-22T07:57:27.348111+00:00 [queued]>
[2024-06-22T07:57:28.419+0000] {taskinstance.py:2076} INFO - Dependencies all met for dep_context=requeueable deps ti=<TaskInstance: python_dag.greeting manual__2024-06-22T07:57:27.348111+00:00 [queued]>
[2024-06-22T07:57:28.419+0000] {taskinstance.py:2306} INFO - Starting attempt 1 of 6
[2024-06-22T07:57:28.425+0000] {taskinstance.py:2330} INFO - Executing <Task(PythonOperator): greeting> on 2024-06-22 07:57:27.348111+00:00
[2024-06-22T07:57:28.428+0000] {warnings.py:112} WARNING - /home/***/.local/lib/python3.12/site-packages/***/task/task_runner/standard_task_runner.py:61: DeprecationWarning: This process (pid=2223) is multi-threaded, use of fork() may lead to deadlocks in the child.
  pid = os.fork()

[2024-06-22T07:57:28.428+0000] {standard_task_runner.py:63} INFO - Started process 2224 to run task
[2024-06-22T07:57:28.429+0000] {standard_task_runner.py:90} INFO - Running: ['***', 'tasks', 'run', 'python_dag', 'greeting', 'manual__2024-06-22T07:57:27.348111+00:00', '--job-id', '20', '--raw', '--subdir', 'DAGS_FOLDER/python_dag.py', '--cfg-path', '/tmp/tmpj4v8eeoo']
[2024-06-22T07:57:28.429+0000] {standard_task_runner.py:91} INFO - Job 20: Subtask greeting
[2024-06-22T07:57:28.450+0000] {task_command.py:426} INFO - Running <TaskInstance: python_dag.greeting manual__2024-06-22T07:57:27.348111+00:00 [running]> on host 65f8df8d6172
[2024-06-22T07:57:28.482+0000] {taskinstance.py:2648} INFO - Exporting env vars: AIRFLOW_CTX_DAG_OWNER='gnosia93' AIRFLOW_CTX_DAG_ID='python_dag' AIRFLOW_CTX_TASK_ID='greeting' AIRFLOW_CTX_EXECUTION_DATE='2024-06-22T07:57:27.348111+00:00' AIRFLOW_CTX_TRY_NUMBER='1' AIRFLOW_CTX_DAG_RUN_ID='manual__2024-06-22T07:57:27.348111+00:00'
[2024-06-22T07:57:28.482+0000] {taskinstance.py:430} INFO - ::endgroup::
[2024-06-22T07:57:28.488+0000] {logging_mixin.py:188} INFO - python operator example of *** ..
[2024-06-22T07:57:28.488+0000] {python.py:237} INFO - Done. Returned value was: None
[2024-06-22T07:57:28.489+0000] {taskinstance.py:441} INFO - ::group::Post task execution logs
[2024-06-22T07:57:28.493+0000] {taskinstance.py:1206} INFO - Marking task as SUCCESS. dag_id=python_dag, task_id=greeting, run_id=manual__2024-06-22T07:57:27.348111+00:00, execution_date=20240622T075727, start_date=20240622T075728, end_date=20240622T075728
[2024-06-22T07:57:28.529+0000] {local_task_job_runner.py:240} INFO - Task exited with return code 0
[2024-06-22T07:57:28.549+0000] {taskinstance.py:3503} INFO - 0 downstream tasks scheduled from follow-on schedule check
[2024-06-22T07:57:28.551+0000] {local_task_job_runner.py:222} INFO - ::endgroup::
