[2024-06-22T08:05:09.464+0000] {local_task_job_runner.py:120} INFO - ::group::Pre task execution logs
[2024-06-22T08:05:09.474+0000] {taskinstance.py:2076} INFO - Dependencies all met for dep_context=non-requeueable deps ti=<TaskInstance: python_dag.greeting manual__2024-06-22T08:05:08.775784+00:00 [queued]>
[2024-06-22T08:05:09.478+0000] {taskinstance.py:2076} INFO - Dependencies all met for dep_context=requeueable deps ti=<TaskInstance: python_dag.greeting manual__2024-06-22T08:05:08.775784+00:00 [queued]>
[2024-06-22T08:05:09.478+0000] {taskinstance.py:2306} INFO - Starting attempt 1 of 6
[2024-06-22T08:05:09.485+0000] {taskinstance.py:2330} INFO - Executing <Task(PythonOperator): greeting> on 2024-06-22 08:05:08.775784+00:00
[2024-06-22T08:05:09.487+0000] {warnings.py:112} WARNING - /home/***/.local/lib/python3.12/site-packages/***/task/task_runner/standard_task_runner.py:61: DeprecationWarning: This process (pid=2331) is multi-threaded, use of fork() may lead to deadlocks in the child.
  pid = os.fork()

[2024-06-22T08:05:09.488+0000] {standard_task_runner.py:63} INFO - Started process 2332 to run task
[2024-06-22T08:05:09.488+0000] {standard_task_runner.py:90} INFO - Running: ['***', 'tasks', 'run', 'python_dag', 'greeting', 'manual__2024-06-22T08:05:08.775784+00:00', '--job-id', '22', '--raw', '--subdir', 'DAGS_FOLDER/python_dag.py', '--cfg-path', '/tmp/tmpqnrltxfg']
[2024-06-22T08:05:09.489+0000] {standard_task_runner.py:91} INFO - Job 22: Subtask greeting
[2024-06-22T08:05:09.508+0000] {task_command.py:426} INFO - Running <TaskInstance: python_dag.greeting manual__2024-06-22T08:05:08.775784+00:00 [running]> on host 65f8df8d6172
[2024-06-22T08:05:09.543+0000] {taskinstance.py:2648} INFO - Exporting env vars: AIRFLOW_CTX_DAG_OWNER='gnosia93' AIRFLOW_CTX_DAG_ID='python_dag' AIRFLOW_CTX_TASK_ID='greeting' AIRFLOW_CTX_EXECUTION_DATE='2024-06-22T08:05:08.775784+00:00' AIRFLOW_CTX_TRY_NUMBER='1' AIRFLOW_CTX_DAG_RUN_ID='manual__2024-06-22T08:05:08.775784+00:00'
[2024-06-22T08:05:09.544+0000] {taskinstance.py:430} INFO - ::endgroup::
[2024-06-22T08:05:09.549+0000] {logging_mixin.py:188} INFO - python operator example of the ***-11 ..My name is soonMy age is 50
[2024-06-22T08:05:09.550+0000] {python.py:237} INFO - Done. Returned value was: None
[2024-06-22T08:05:09.550+0000] {taskinstance.py:441} INFO - ::group::Post task execution logs
[2024-06-22T08:05:09.555+0000] {taskinstance.py:1206} INFO - Marking task as SUCCESS. dag_id=python_dag, task_id=greeting, run_id=manual__2024-06-22T08:05:08.775784+00:00, execution_date=20240622T080508, start_date=20240622T080509, end_date=20240622T080509
[2024-06-22T08:05:09.589+0000] {local_task_job_runner.py:240} INFO - Task exited with return code 0
[2024-06-22T08:05:09.598+0000] {taskinstance.py:3503} INFO - 0 downstream tasks scheduled from follow-on schedule check
[2024-06-22T08:05:09.598+0000] {local_task_job_runner.py:222} INFO - ::endgroup::
