[2024-06-22T04:37:19.377+0000] {local_task_job_runner.py:120} INFO - ::group::Pre task execution logs
[2024-06-22T04:37:19.387+0000] {taskinstance.py:2076} INFO - Dependencies all met for dep_context=non-requeueable deps ti=<TaskInstance: example_bash_operator.run_after_loop manual__2024-06-22T04:37:12+00:00 [queued]>
[2024-06-22T04:37:19.391+0000] {taskinstance.py:2076} INFO - Dependencies all met for dep_context=requeueable deps ti=<TaskInstance: example_bash_operator.run_after_loop manual__2024-06-22T04:37:12+00:00 [queued]>
[2024-06-22T04:37:19.391+0000] {taskinstance.py:2306} INFO - Starting attempt 1 of 1
[2024-06-22T04:37:19.397+0000] {taskinstance.py:2330} INFO - Executing <Task(BashOperator): run_after_loop> on 2024-06-22 04:37:12+00:00
[2024-06-22T04:37:19.400+0000] {warnings.py:112} WARNING - /home/***/.local/lib/python3.12/site-packages/***/task/task_runner/standard_task_runner.py:61: DeprecationWarning: This process (pid=466) is multi-threaded, use of fork() may lead to deadlocks in the child.
  pid = os.fork()

[2024-06-22T04:37:19.401+0000] {standard_task_runner.py:90} INFO - Running: ['***', 'tasks', 'run', 'example_bash_operator', 'run_after_loop', 'manual__2024-06-22T04:37:12+00:00', '--job-id', '16', '--raw', '--subdir', '/home/***/.local/lib/python3.12/site-packages/***/example_dags/example_bash_operator.py', '--cfg-path', '/tmp/tmpqs8rrwl_']
[2024-06-22T04:37:19.402+0000] {standard_task_runner.py:63} INFO - Started process 468 to run task
[2024-06-22T04:37:19.402+0000] {standard_task_runner.py:91} INFO - Job 16: Subtask run_after_loop
[2024-06-22T04:37:19.425+0000] {task_command.py:426} INFO - Running <TaskInstance: example_bash_operator.run_after_loop manual__2024-06-22T04:37:12+00:00 [running]> on host 68024e0e7430
[2024-06-22T04:37:19.466+0000] {taskinstance.py:2648} INFO - Exporting env vars: AIRFLOW_CTX_DAG_OWNER='***' AIRFLOW_CTX_DAG_ID='example_bash_operator' AIRFLOW_CTX_TASK_ID='run_after_loop' AIRFLOW_CTX_EXECUTION_DATE='2024-06-22T04:37:12+00:00' AIRFLOW_CTX_TRY_NUMBER='1' AIRFLOW_CTX_DAG_RUN_ID='manual__2024-06-22T04:37:12+00:00'
[2024-06-22T04:37:19.467+0000] {taskinstance.py:430} INFO - ::endgroup::
[2024-06-22T04:37:19.468+0000] {subprocess.py:63} INFO - Tmp dir root location: /tmp
[2024-06-22T04:37:19.468+0000] {subprocess.py:75} INFO - Running command: ['/usr/bin/bash', '-c', "ls -alh --color=always / && echo https://***.apache.org/  && echo 'some <code>html</code>'"]
[2024-06-22T04:37:19.473+0000] {subprocess.py:86} INFO - Output:
[2024-06-22T04:37:19.475+0000] {subprocess.py:93} INFO - total 164K
[2024-06-22T04:37:19.475+0000] {subprocess.py:93} INFO - drwxr-xr-x   1 root    root 4.0K Jun 22 04:08 .
[2024-06-22T04:37:19.475+0000] {subprocess.py:93} INFO - drwxr-xr-x   1 root    root 4.0K Jun 22 04:08 ..
[2024-06-22T04:37:19.475+0000] {subprocess.py:93} INFO - -rwxr-xr-x   1 root    root    0 Jun 22 04:08 .dockerenv
[2024-06-22T04:37:19.476+0000] {subprocess.py:93} INFO - -rw-r--r--   1 *** root  73K Jun 10 08:29 Dockerfile
[2024-06-22T04:37:19.476+0000] {subprocess.py:93} INFO - -rw-rw-r--   1 root    root  282 Jun 10 08:32 ***-scheduler-autorestart
[2024-06-22T04:37:19.476+0000] {subprocess.py:93} INFO - lrwxrwxrwx   1 root    root    7 May 13 00:00 bin -> usr/bin
[2024-06-22T04:37:19.476+0000] {subprocess.py:93} INFO - drwxr-xr-x   2 root    root 4.0K Jan 28 21:20 boot
[2024-06-22T04:37:19.476+0000] {subprocess.py:93} INFO - -rwxrwxr-x   1 root    root  643 Jun 10 08:32 clean-logs
[2024-06-22T04:37:19.476+0000] {subprocess.py:93} INFO - drwxr-xr-x   5 root    root  340 Jun 22 04:09 dev
[2024-06-22T04:37:19.476+0000] {subprocess.py:93} INFO - -rwxrwxr-x   1 root    root  12K Jun 10 08:32 entrypoint
[2024-06-22T04:37:19.476+0000] {subprocess.py:93} INFO - drwxr-xr-x   1 root    root 4.0K Jun 22 04:08 etc
[2024-06-22T04:37:19.477+0000] {subprocess.py:93} INFO - drwxr-xr-x   1 root    root 4.0K Jun 10 08:34 home
[2024-06-22T04:37:19.477+0000] {subprocess.py:93} INFO - lrwxrwxrwx   1 root    root    7 May 13 00:00 lib -> usr/lib
[2024-06-22T04:37:19.477+0000] {subprocess.py:93} INFO - drwxr-xr-x   2 root    root 4.0K May 13 00:00 media
[2024-06-22T04:37:19.477+0000] {subprocess.py:93} INFO - drwxr-xr-x   2 root    root 4.0K May 13 00:00 mnt
[2024-06-22T04:37:19.477+0000] {subprocess.py:93} INFO - drwxr-xr-x   1 root    root 4.0K Jun 10 08:34 opt
[2024-06-22T04:37:19.477+0000] {subprocess.py:93} INFO - dr-xr-xr-x 313 root    root    0 Jun 22 04:09 proc
[2024-06-22T04:37:19.477+0000] {subprocess.py:93} INFO - drwx------   1 root    root 4.0K Jun 10 08:37 root
[2024-06-22T04:37:19.477+0000] {subprocess.py:93} INFO - drwxr-xr-x   1 root    root 4.0K Jun 10 08:33 run
[2024-06-22T04:37:19.477+0000] {subprocess.py:93} INFO - lrwxrwxrwx   1 root    root    8 May 13 00:00 sbin -> usr/sbin
[2024-06-22T04:37:19.477+0000] {subprocess.py:93} INFO - drwxr-xr-x   1 root    root 4.0K Jun 10 08:32 scripts
[2024-06-22T04:37:19.478+0000] {subprocess.py:93} INFO - drwxr-xr-x   2 root    root 4.0K May 13 00:00 srv
[2024-06-22T04:37:19.478+0000] {subprocess.py:93} INFO - dr-xr-xr-x  11 root    root    0 Jun 22 04:09 sys
[2024-06-22T04:37:19.478+0000] {subprocess.py:93} INFO - drwxrwxrwt   1 root    root 4.0K Jun 22 04:37 tmp
[2024-06-22T04:37:19.478+0000] {subprocess.py:93} INFO - drwxr-xr-x   1 root    root 4.0K Jun 10 08:33 usr
[2024-06-22T04:37:19.478+0000] {subprocess.py:93} INFO - drwxr-xr-x   1 root    root 4.0K May 13 00:00 var
[2024-06-22T04:37:19.478+0000] {subprocess.py:93} INFO - https://***.apache.org/
[2024-06-22T04:37:19.478+0000] {subprocess.py:93} INFO - some <code>html</code>
[2024-06-22T04:37:19.478+0000] {subprocess.py:97} INFO - Command exited with return code 0
[2024-06-22T04:37:19.479+0000] {taskinstance.py:441} INFO - ::group::Post task execution logs
[2024-06-22T04:37:19.490+0000] {taskinstance.py:1206} INFO - Marking task as SUCCESS. dag_id=example_bash_operator, task_id=run_after_loop, run_id=manual__2024-06-22T04:37:12+00:00, execution_date=20240622T043712, start_date=20240622T043719, end_date=20240622T043719
[2024-06-22T04:37:19.503+0000] {local_task_job_runner.py:240} INFO - Task exited with return code 0
[2024-06-22T04:37:19.513+0000] {taskinstance.py:3503} INFO - 0 downstream tasks scheduled from follow-on schedule check
[2024-06-22T04:37:19.514+0000] {local_task_job_runner.py:222} INFO - ::endgroup::
