[2024-06-22T09:48:07.875+0000] {processor.py:161} INFO - Started process (PID=3998) to work on /opt/airflow/dags/task_flow_dag.py
[2024-06-22T09:48:07.876+0000] {processor.py:830} INFO - Processing file /opt/airflow/dags/task_flow_dag.py for tasks to queue
[2024-06-22T09:48:07.877+0000] {logging_mixin.py:188} INFO - [2024-06-22T09:48:07.876+0000] {dagbag.py:545} INFO - Filling up the DagBag from /opt/airflow/dags/task_flow_dag.py
[2024-06-22T09:48:07.880+0000] {processor.py:842} WARNING - No viable dags retrieved from /opt/airflow/dags/task_flow_dag.py
[2024-06-22T09:48:07.890+0000] {processor.py:183} INFO - Processing /opt/airflow/dags/task_flow_dag.py took 0.018 seconds
[2024-06-22T09:48:20.050+0000] {processor.py:161} INFO - Started process (PID=4000) to work on /opt/airflow/dags/task_flow_dag.py
[2024-06-22T09:48:20.051+0000] {processor.py:830} INFO - Processing file /opt/airflow/dags/task_flow_dag.py for tasks to queue
[2024-06-22T09:48:20.052+0000] {logging_mixin.py:188} INFO - [2024-06-22T09:48:20.052+0000] {dagbag.py:545} INFO - Filling up the DagBag from /opt/airflow/dags/task_flow_dag.py
[2024-06-22T09:48:20.059+0000] {processor.py:842} WARNING - No viable dags retrieved from /opt/airflow/dags/task_flow_dag.py
[2024-06-22T09:48:20.076+0000] {processor.py:183} INFO - Processing /opt/airflow/dags/task_flow_dag.py took 0.032 seconds
[2024-06-22T09:48:50.494+0000] {processor.py:161} INFO - Started process (PID=4009) to work on /opt/airflow/dags/task_flow_dag.py
[2024-06-22T09:48:50.495+0000] {processor.py:830} INFO - Processing file /opt/airflow/dags/task_flow_dag.py for tasks to queue
[2024-06-22T09:48:50.496+0000] {logging_mixin.py:188} INFO - [2024-06-22T09:48:50.496+0000] {dagbag.py:545} INFO - Filling up the DagBag from /opt/airflow/dags/task_flow_dag.py
[2024-06-22T09:48:50.501+0000] {processor.py:842} WARNING - No viable dags retrieved from /opt/airflow/dags/task_flow_dag.py
[2024-06-22T09:48:50.519+0000] {processor.py:183} INFO - Processing /opt/airflow/dags/task_flow_dag.py took 0.033 seconds
[2024-06-22T09:49:20.842+0000] {processor.py:161} INFO - Started process (PID=4018) to work on /opt/airflow/dags/task_flow_dag.py
[2024-06-22T09:49:20.844+0000] {processor.py:830} INFO - Processing file /opt/airflow/dags/task_flow_dag.py for tasks to queue
[2024-06-22T09:49:20.845+0000] {logging_mixin.py:188} INFO - [2024-06-22T09:49:20.844+0000] {dagbag.py:545} INFO - Filling up the DagBag from /opt/airflow/dags/task_flow_dag.py
[2024-06-22T09:49:20.849+0000] {processor.py:842} WARNING - No viable dags retrieved from /opt/airflow/dags/task_flow_dag.py
[2024-06-22T09:49:20.862+0000] {processor.py:183} INFO - Processing /opt/airflow/dags/task_flow_dag.py took 0.026 seconds
[2024-06-22T09:49:49.177+0000] {processor.py:161} INFO - Started process (PID=4027) to work on /opt/airflow/dags/task_flow_dag.py
[2024-06-22T09:49:49.178+0000] {processor.py:830} INFO - Processing file /opt/airflow/dags/task_flow_dag.py for tasks to queue
[2024-06-22T09:49:49.180+0000] {logging_mixin.py:188} INFO - [2024-06-22T09:49:49.179+0000] {dagbag.py:545} INFO - Filling up the DagBag from /opt/airflow/dags/task_flow_dag.py
[2024-06-22T09:49:49.186+0000] {processor.py:842} WARNING - No viable dags retrieved from /opt/airflow/dags/task_flow_dag.py
[2024-06-22T09:49:49.202+0000] {processor.py:183} INFO - Processing /opt/airflow/dags/task_flow_dag.py took 0.031 seconds
[2024-06-22T09:49:57.305+0000] {processor.py:161} INFO - Started process (PID=4029) to work on /opt/airflow/dags/task_flow_dag.py
[2024-06-22T09:49:57.306+0000] {processor.py:830} INFO - Processing file /opt/airflow/dags/task_flow_dag.py for tasks to queue
[2024-06-22T09:49:57.306+0000] {logging_mixin.py:188} INFO - [2024-06-22T09:49:57.306+0000] {dagbag.py:545} INFO - Filling up the DagBag from /opt/airflow/dags/task_flow_dag.py
[2024-06-22T09:49:57.310+0000] {processor.py:842} WARNING - No viable dags retrieved from /opt/airflow/dags/task_flow_dag.py
[2024-06-22T09:49:57.317+0000] {processor.py:183} INFO - Processing /opt/airflow/dags/task_flow_dag.py took 0.015 seconds
[2024-06-22T09:50:27.677+0000] {processor.py:161} INFO - Started process (PID=4038) to work on /opt/airflow/dags/task_flow_dag.py
[2024-06-22T09:50:27.678+0000] {processor.py:830} INFO - Processing file /opt/airflow/dags/task_flow_dag.py for tasks to queue
[2024-06-22T09:50:27.679+0000] {logging_mixin.py:188} INFO - [2024-06-22T09:50:27.679+0000] {dagbag.py:545} INFO - Filling up the DagBag from /opt/airflow/dags/task_flow_dag.py
[2024-06-22T09:50:27.683+0000] {processor.py:842} WARNING - No viable dags retrieved from /opt/airflow/dags/task_flow_dag.py
[2024-06-22T09:50:27.695+0000] {processor.py:183} INFO - Processing /opt/airflow/dags/task_flow_dag.py took 0.024 seconds
[2024-06-22T09:50:58.061+0000] {processor.py:161} INFO - Started process (PID=4047) to work on /opt/airflow/dags/task_flow_dag.py
[2024-06-22T09:50:58.062+0000] {processor.py:830} INFO - Processing file /opt/airflow/dags/task_flow_dag.py for tasks to queue
[2024-06-22T09:50:58.064+0000] {logging_mixin.py:188} INFO - [2024-06-22T09:50:58.063+0000] {dagbag.py:545} INFO - Filling up the DagBag from /opt/airflow/dags/task_flow_dag.py
[2024-06-22T09:50:58.067+0000] {processor.py:842} WARNING - No viable dags retrieved from /opt/airflow/dags/task_flow_dag.py
[2024-06-22T09:50:58.081+0000] {processor.py:183} INFO - Processing /opt/airflow/dags/task_flow_dag.py took 0.027 seconds
[2024-06-22T09:51:28.441+0000] {processor.py:161} INFO - Started process (PID=4056) to work on /opt/airflow/dags/task_flow_dag.py
[2024-06-22T09:51:28.442+0000] {processor.py:830} INFO - Processing file /opt/airflow/dags/task_flow_dag.py for tasks to queue
[2024-06-22T09:51:28.442+0000] {logging_mixin.py:188} INFO - [2024-06-22T09:51:28.442+0000] {dagbag.py:545} INFO - Filling up the DagBag from /opt/airflow/dags/task_flow_dag.py
[2024-06-22T09:51:28.446+0000] {processor.py:842} WARNING - No viable dags retrieved from /opt/airflow/dags/task_flow_dag.py
[2024-06-22T09:51:28.457+0000] {processor.py:183} INFO - Processing /opt/airflow/dags/task_flow_dag.py took 0.022 seconds
[2024-06-22T09:51:58.819+0000] {processor.py:161} INFO - Started process (PID=4065) to work on /opt/airflow/dags/task_flow_dag.py
[2024-06-22T09:51:58.820+0000] {processor.py:830} INFO - Processing file /opt/airflow/dags/task_flow_dag.py for tasks to queue
[2024-06-22T09:51:58.821+0000] {logging_mixin.py:188} INFO - [2024-06-22T09:51:58.820+0000] {dagbag.py:545} INFO - Filling up the DagBag from /opt/airflow/dags/task_flow_dag.py
[2024-06-22T09:51:58.825+0000] {processor.py:842} WARNING - No viable dags retrieved from /opt/airflow/dags/task_flow_dag.py
[2024-06-22T09:51:58.837+0000] {processor.py:183} INFO - Processing /opt/airflow/dags/task_flow_dag.py took 0.025 seconds
[2024-06-22T09:52:29.216+0000] {processor.py:161} INFO - Started process (PID=4080) to work on /opt/airflow/dags/task_flow_dag.py
[2024-06-22T09:52:29.217+0000] {processor.py:830} INFO - Processing file /opt/airflow/dags/task_flow_dag.py for tasks to queue
[2024-06-22T09:52:29.217+0000] {logging_mixin.py:188} INFO - [2024-06-22T09:52:29.217+0000] {dagbag.py:545} INFO - Filling up the DagBag from /opt/airflow/dags/task_flow_dag.py
[2024-06-22T09:52:29.220+0000] {processor.py:842} WARNING - No viable dags retrieved from /opt/airflow/dags/task_flow_dag.py
[2024-06-22T09:52:29.231+0000] {processor.py:183} INFO - Processing /opt/airflow/dags/task_flow_dag.py took 0.019 seconds
[2024-06-22T09:52:59.603+0000] {processor.py:161} INFO - Started process (PID=4089) to work on /opt/airflow/dags/task_flow_dag.py
[2024-06-22T09:52:59.604+0000] {processor.py:830} INFO - Processing file /opt/airflow/dags/task_flow_dag.py for tasks to queue
[2024-06-22T09:52:59.605+0000] {logging_mixin.py:188} INFO - [2024-06-22T09:52:59.604+0000] {dagbag.py:545} INFO - Filling up the DagBag from /opt/airflow/dags/task_flow_dag.py
[2024-06-22T09:52:59.608+0000] {processor.py:842} WARNING - No viable dags retrieved from /opt/airflow/dags/task_flow_dag.py
[2024-06-22T09:52:59.620+0000] {processor.py:183} INFO - Processing /opt/airflow/dags/task_flow_dag.py took 0.024 seconds
[2024-06-22T09:53:29.959+0000] {processor.py:161} INFO - Started process (PID=4098) to work on /opt/airflow/dags/task_flow_dag.py
[2024-06-22T09:53:29.961+0000] {processor.py:830} INFO - Processing file /opt/airflow/dags/task_flow_dag.py for tasks to queue
[2024-06-22T09:53:29.962+0000] {logging_mixin.py:188} INFO - [2024-06-22T09:53:29.962+0000] {dagbag.py:545} INFO - Filling up the DagBag from /opt/airflow/dags/task_flow_dag.py
[2024-06-22T09:53:29.967+0000] {processor.py:842} WARNING - No viable dags retrieved from /opt/airflow/dags/task_flow_dag.py
[2024-06-22T09:53:29.978+0000] {processor.py:183} INFO - Processing /opt/airflow/dags/task_flow_dag.py took 0.027 seconds
[2024-06-22T09:53:37.040+0000] {processor.py:161} INFO - Started process (PID=4099) to work on /opt/airflow/dags/task_flow_dag.py
[2024-06-22T09:53:37.041+0000] {processor.py:830} INFO - Processing file /opt/airflow/dags/task_flow_dag.py for tasks to queue
[2024-06-22T09:53:37.042+0000] {logging_mixin.py:188} INFO - [2024-06-22T09:53:37.042+0000] {dagbag.py:545} INFO - Filling up the DagBag from /opt/airflow/dags/task_flow_dag.py
[2024-06-22T09:53:37.061+0000] {processor.py:840} INFO - DAG(s) 'hello_etc' retrieved from /opt/airflow/dags/task_flow_dag.py
[2024-06-22T09:53:37.121+0000] {logging_mixin.py:188} INFO - [2024-06-22T09:53:37.121+0000] {override.py:1829} INFO - Created Permission View: can edit on DAG:hello_etc
[2024-06-22T09:53:37.125+0000] {logging_mixin.py:188} INFO - [2024-06-22T09:53:37.125+0000] {override.py:1829} INFO - Created Permission View: can read on DAG:hello_etc
[2024-06-22T09:53:37.127+0000] {logging_mixin.py:188} INFO - [2024-06-22T09:53:37.127+0000] {override.py:1829} INFO - Created Permission View: can delete on DAG:hello_etc
[2024-06-22T09:53:37.127+0000] {logging_mixin.py:188} INFO - [2024-06-22T09:53:37.127+0000] {dag.py:3096} INFO - Sync 1 DAGs
[2024-06-22T09:53:37.133+0000] {logging_mixin.py:188} INFO - [2024-06-22T09:53:37.133+0000] {dag.py:3118} INFO - Creating ORM DAG for hello_etc
[2024-06-22T09:53:37.137+0000] {logging_mixin.py:188} INFO - [2024-06-22T09:53:37.137+0000] {dag.py:3954} INFO - Setting next_dagrun for hello_etc to 2024-06-22 00:00:00+00:00, run_after=2024-06-23 00:00:00+00:00
[2024-06-22T09:53:37.145+0000] {processor.py:183} INFO - Processing /opt/airflow/dags/task_flow_dag.py took 0.111 seconds
[2024-06-22T09:53:52.259+0000] {processor.py:161} INFO - Started process (PID=4101) to work on /opt/airflow/dags/task_flow_dag.py
[2024-06-22T09:53:52.260+0000] {processor.py:830} INFO - Processing file /opt/airflow/dags/task_flow_dag.py for tasks to queue
[2024-06-22T09:53:52.261+0000] {logging_mixin.py:188} INFO - [2024-06-22T09:53:52.261+0000] {dagbag.py:545} INFO - Filling up the DagBag from /opt/airflow/dags/task_flow_dag.py
[2024-06-22T09:53:52.283+0000] {processor.py:840} INFO - DAG(s) 'hello_etc' retrieved from /opt/airflow/dags/task_flow_dag.py
[2024-06-22T09:53:52.295+0000] {logging_mixin.py:188} INFO - [2024-06-22T09:53:52.295+0000] {dag.py:3096} INFO - Sync 1 DAGs
[2024-06-22T09:53:52.311+0000] {logging_mixin.py:188} INFO - [2024-06-22T09:53:52.310+0000] {dag.py:3954} INFO - Setting next_dagrun for hello_etc to 2024-06-22 00:00:00+00:00, run_after=2024-06-23 00:00:00+00:00
[2024-06-22T09:53:52.320+0000] {processor.py:183} INFO - Processing /opt/airflow/dags/task_flow_dag.py took 0.068 seconds
[2024-06-22T09:54:22.697+0000] {processor.py:161} INFO - Started process (PID=4110) to work on /opt/airflow/dags/task_flow_dag.py
[2024-06-22T09:54:22.698+0000] {processor.py:830} INFO - Processing file /opt/airflow/dags/task_flow_dag.py for tasks to queue
[2024-06-22T09:54:22.699+0000] {logging_mixin.py:188} INFO - [2024-06-22T09:54:22.699+0000] {dagbag.py:545} INFO - Filling up the DagBag from /opt/airflow/dags/task_flow_dag.py
[2024-06-22T09:54:22.714+0000] {processor.py:840} INFO - DAG(s) 'hello_etc' retrieved from /opt/airflow/dags/task_flow_dag.py
[2024-06-22T09:54:22.733+0000] {logging_mixin.py:188} INFO - [2024-06-22T09:54:22.733+0000] {dag.py:3096} INFO - Sync 1 DAGs
[2024-06-22T09:54:22.744+0000] {logging_mixin.py:188} INFO - [2024-06-22T09:54:22.744+0000] {dag.py:3954} INFO - Setting next_dagrun for hello_etc to 2024-06-22 00:00:00+00:00, run_after=2024-06-23 00:00:00+00:00
[2024-06-22T09:54:22.752+0000] {processor.py:183} INFO - Processing /opt/airflow/dags/task_flow_dag.py took 0.063 seconds
[2024-06-22T09:54:33.871+0000] {processor.py:161} INFO - Started process (PID=4118) to work on /opt/airflow/dags/task_flow_dag.py
[2024-06-22T09:54:33.872+0000] {processor.py:830} INFO - Processing file /opt/airflow/dags/task_flow_dag.py for tasks to queue
[2024-06-22T09:54:33.872+0000] {logging_mixin.py:188} INFO - [2024-06-22T09:54:33.872+0000] {dagbag.py:545} INFO - Filling up the DagBag from /opt/airflow/dags/task_flow_dag.py
[2024-06-22T09:54:33.885+0000] {processor.py:840} INFO - DAG(s) 'hello_etc' retrieved from /opt/airflow/dags/task_flow_dag.py
[2024-06-22T09:54:33.904+0000] {logging_mixin.py:188} INFO - [2024-06-22T09:54:33.904+0000] {dag.py:3096} INFO - Sync 1 DAGs
[2024-06-22T09:54:33.916+0000] {logging_mixin.py:188} INFO - [2024-06-22T09:54:33.916+0000] {dag.py:3954} INFO - Setting next_dagrun for hello_etc to 2024-06-22 00:00:00+00:00, run_after=2024-06-23 00:00:00+00:00
[2024-06-22T09:54:33.925+0000] {processor.py:183} INFO - Processing /opt/airflow/dags/task_flow_dag.py took 0.058 seconds
[2024-06-22T09:55:04.289+0000] {processor.py:161} INFO - Started process (PID=4127) to work on /opt/airflow/dags/task_flow_dag.py
[2024-06-22T09:55:04.290+0000] {processor.py:830} INFO - Processing file /opt/airflow/dags/task_flow_dag.py for tasks to queue
[2024-06-22T09:55:04.291+0000] {logging_mixin.py:188} INFO - [2024-06-22T09:55:04.291+0000] {dagbag.py:545} INFO - Filling up the DagBag from /opt/airflow/dags/task_flow_dag.py
[2024-06-22T09:55:04.307+0000] {processor.py:840} INFO - DAG(s) 'hello_etc' retrieved from /opt/airflow/dags/task_flow_dag.py
[2024-06-22T09:55:04.381+0000] {logging_mixin.py:188} INFO - [2024-06-22T09:55:04.381+0000] {dag.py:3096} INFO - Sync 1 DAGs
[2024-06-22T09:55:04.386+0000] {logging_mixin.py:188} INFO - [2024-06-22T09:55:04.386+0000] {dag.py:3118} INFO - Creating ORM DAG for hello_etc
[2024-06-22T09:55:04.391+0000] {logging_mixin.py:188} INFO - [2024-06-22T09:55:04.391+0000] {dag.py:3954} INFO - Setting next_dagrun for hello_etc to 2024-06-22 00:00:00+00:00, run_after=2024-06-23 00:00:00+00:00
[2024-06-22T09:55:04.398+0000] {processor.py:183} INFO - Processing /opt/airflow/dags/task_flow_dag.py took 0.115 seconds
[2024-06-22T09:55:17.438+0000] {processor.py:161} INFO - Started process (PID=4129) to work on /opt/airflow/dags/task_flow_dag.py
[2024-06-22T09:55:17.439+0000] {processor.py:830} INFO - Processing file /opt/airflow/dags/task_flow_dag.py for tasks to queue
[2024-06-22T09:55:17.440+0000] {logging_mixin.py:188} INFO - [2024-06-22T09:55:17.440+0000] {dagbag.py:545} INFO - Filling up the DagBag from /opt/airflow/dags/task_flow_dag.py
[2024-06-22T09:55:17.458+0000] {processor.py:840} INFO - DAG(s) 'hello_etc' retrieved from /opt/airflow/dags/task_flow_dag.py
[2024-06-22T09:55:17.467+0000] {logging_mixin.py:188} INFO - [2024-06-22T09:55:17.467+0000] {dag.py:3096} INFO - Sync 1 DAGs
[2024-06-22T09:55:17.482+0000] {logging_mixin.py:188} INFO - [2024-06-22T09:55:17.482+0000] {dag.py:3954} INFO - Setting next_dagrun for hello_etc to 2024-06-22 00:00:00+00:00, run_after=2024-06-23 00:00:00+00:00
[2024-06-22T09:55:17.492+0000] {processor.py:183} INFO - Processing /opt/airflow/dags/task_flow_dag.py took 0.061 seconds
[2024-06-22T09:55:47.858+0000] {processor.py:161} INFO - Started process (PID=4138) to work on /opt/airflow/dags/task_flow_dag.py
[2024-06-22T09:55:47.860+0000] {processor.py:830} INFO - Processing file /opt/airflow/dags/task_flow_dag.py for tasks to queue
[2024-06-22T09:55:47.861+0000] {logging_mixin.py:188} INFO - [2024-06-22T09:55:47.861+0000] {dagbag.py:545} INFO - Filling up the DagBag from /opt/airflow/dags/task_flow_dag.py
[2024-06-22T09:55:47.874+0000] {processor.py:840} INFO - DAG(s) 'hello_etc' retrieved from /opt/airflow/dags/task_flow_dag.py
[2024-06-22T09:55:47.895+0000] {logging_mixin.py:188} INFO - [2024-06-22T09:55:47.895+0000] {dag.py:3096} INFO - Sync 1 DAGs
[2024-06-22T09:55:47.906+0000] {logging_mixin.py:188} INFO - [2024-06-22T09:55:47.906+0000] {dag.py:3954} INFO - Setting next_dagrun for hello_etc to 2024-06-22 00:00:00+00:00, run_after=2024-06-23 00:00:00+00:00
[2024-06-22T09:55:47.914+0000] {processor.py:183} INFO - Processing /opt/airflow/dags/task_flow_dag.py took 0.064 seconds
[2024-06-22T09:55:58.013+0000] {processor.py:161} INFO - Started process (PID=4139) to work on /opt/airflow/dags/task_flow_dag.py
[2024-06-22T09:55:58.014+0000] {processor.py:830} INFO - Processing file /opt/airflow/dags/task_flow_dag.py for tasks to queue
[2024-06-22T09:55:58.015+0000] {logging_mixin.py:188} INFO - [2024-06-22T09:55:58.015+0000] {dagbag.py:545} INFO - Filling up the DagBag from /opt/airflow/dags/task_flow_dag.py
[2024-06-22T09:55:58.033+0000] {processor.py:840} INFO - DAG(s) 'task_flow_dag' retrieved from /opt/airflow/dags/task_flow_dag.py
[2024-06-22T09:55:58.097+0000] {logging_mixin.py:188} INFO - [2024-06-22T09:55:58.097+0000] {override.py:1829} INFO - Created Permission View: can edit on DAG:task_flow_dag
[2024-06-22T09:55:58.101+0000] {logging_mixin.py:188} INFO - [2024-06-22T09:55:58.101+0000] {override.py:1829} INFO - Created Permission View: can read on DAG:task_flow_dag
[2024-06-22T09:55:58.104+0000] {logging_mixin.py:188} INFO - [2024-06-22T09:55:58.104+0000] {override.py:1829} INFO - Created Permission View: can delete on DAG:task_flow_dag
[2024-06-22T09:55:58.104+0000] {logging_mixin.py:188} INFO - [2024-06-22T09:55:58.104+0000] {dag.py:3096} INFO - Sync 1 DAGs
[2024-06-22T09:55:58.110+0000] {logging_mixin.py:188} INFO - [2024-06-22T09:55:58.109+0000] {dag.py:3118} INFO - Creating ORM DAG for task_flow_dag
[2024-06-22T09:55:58.115+0000] {logging_mixin.py:188} INFO - [2024-06-22T09:55:58.114+0000] {dag.py:3954} INFO - Setting next_dagrun for task_flow_dag to 2024-06-22 00:00:00+00:00, run_after=2024-06-23 00:00:00+00:00
[2024-06-22T09:55:58.123+0000] {processor.py:183} INFO - Processing /opt/airflow/dags/task_flow_dag.py took 0.117 seconds
[2024-06-22T09:56:28.356+0000] {processor.py:161} INFO - Started process (PID=4148) to work on /opt/airflow/dags/task_flow_dag.py
[2024-06-22T09:56:28.358+0000] {processor.py:830} INFO - Processing file /opt/airflow/dags/task_flow_dag.py for tasks to queue
[2024-06-22T09:56:28.359+0000] {logging_mixin.py:188} INFO - [2024-06-22T09:56:28.358+0000] {dagbag.py:545} INFO - Filling up the DagBag from /opt/airflow/dags/task_flow_dag.py
[2024-06-22T09:56:28.374+0000] {processor.py:840} INFO - DAG(s) 'task_flow_dag' retrieved from /opt/airflow/dags/task_flow_dag.py
[2024-06-22T09:56:28.399+0000] {logging_mixin.py:188} INFO - [2024-06-22T09:56:28.399+0000] {dag.py:3096} INFO - Sync 1 DAGs
[2024-06-22T09:56:28.412+0000] {logging_mixin.py:188} INFO - [2024-06-22T09:56:28.412+0000] {dag.py:3954} INFO - Setting next_dagrun for task_flow_dag to 2024-06-22 00:00:00+00:00, run_after=2024-06-23 00:00:00+00:00
[2024-06-22T09:56:28.428+0000] {processor.py:183} INFO - Processing /opt/airflow/dags/task_flow_dag.py took 0.078 seconds
[2024-06-22T09:56:32.482+0000] {processor.py:161} INFO - Started process (PID=4156) to work on /opt/airflow/dags/task_flow_dag.py
[2024-06-22T09:56:32.483+0000] {processor.py:830} INFO - Processing file /opt/airflow/dags/task_flow_dag.py for tasks to queue
[2024-06-22T09:56:32.484+0000] {logging_mixin.py:188} INFO - [2024-06-22T09:56:32.483+0000] {dagbag.py:545} INFO - Filling up the DagBag from /opt/airflow/dags/task_flow_dag.py
[2024-06-22T09:56:32.492+0000] {logging_mixin.py:188} INFO - [2024-06-22T09:56:32.490+0000] {dagbag.py:355} ERROR - Failed to import: /opt/airflow/dags/task_flow_dag.py
Traceback (most recent call last):
  File "/home/airflow/.local/lib/python3.12/site-packages/airflow/models/dagbag.py", line 351, in parse
    loader.exec_module(new_module)
  File "<frozen importlib._bootstrap_external>", line 995, in exec_module
  File "<frozen importlib._bootstrap>", line 488, in _call_with_frames_removed
  File "/opt/airflow/dags/task_flow_dag.py", line 36, in <module>
    hello_dag = hello()
                ^^^^^
NameError: name 'hello' is not defined. Did you mean: 'hallo'?
[2024-06-22T09:56:32.493+0000] {processor.py:842} WARNING - No viable dags retrieved from /opt/airflow/dags/task_flow_dag.py
[2024-06-22T09:56:32.511+0000] {processor.py:183} INFO - Processing /opt/airflow/dags/task_flow_dag.py took 0.036 seconds
[2024-06-22T09:56:48.686+0000] {processor.py:161} INFO - Started process (PID=4158) to work on /opt/airflow/dags/task_flow_dag.py
[2024-06-22T09:56:48.686+0000] {processor.py:830} INFO - Processing file /opt/airflow/dags/task_flow_dag.py for tasks to queue
[2024-06-22T09:56:48.687+0000] {logging_mixin.py:188} INFO - [2024-06-22T09:56:48.687+0000] {dagbag.py:545} INFO - Filling up the DagBag from /opt/airflow/dags/task_flow_dag.py
[2024-06-22T09:56:48.698+0000] {processor.py:840} INFO - DAG(s) 'task_flow_dag' retrieved from /opt/airflow/dags/task_flow_dag.py
[2024-06-22T09:56:48.722+0000] {logging_mixin.py:188} INFO - [2024-06-22T09:56:48.722+0000] {dag.py:3096} INFO - Sync 1 DAGs
[2024-06-22T09:56:48.735+0000] {logging_mixin.py:188} INFO - [2024-06-22T09:56:48.735+0000] {dag.py:3954} INFO - Setting next_dagrun for task_flow_dag to 2024-06-22 00:00:00+00:00, run_after=2024-06-23 00:00:00+00:00
[2024-06-22T09:56:48.744+0000] {processor.py:183} INFO - Processing /opt/airflow/dags/task_flow_dag.py took 0.064 seconds
[2024-06-22T09:57:19.162+0000] {processor.py:161} INFO - Started process (PID=4171) to work on /opt/airflow/dags/task_flow_dag.py
[2024-06-22T09:57:19.163+0000] {processor.py:830} INFO - Processing file /opt/airflow/dags/task_flow_dag.py for tasks to queue
[2024-06-22T09:57:19.164+0000] {logging_mixin.py:188} INFO - [2024-06-22T09:57:19.164+0000] {dagbag.py:545} INFO - Filling up the DagBag from /opt/airflow/dags/task_flow_dag.py
[2024-06-22T09:57:19.180+0000] {processor.py:840} INFO - DAG(s) 'task_flow_dag' retrieved from /opt/airflow/dags/task_flow_dag.py
[2024-06-22T09:57:19.208+0000] {logging_mixin.py:188} INFO - [2024-06-22T09:57:19.208+0000] {dag.py:3096} INFO - Sync 1 DAGs
[2024-06-22T09:57:19.219+0000] {logging_mixin.py:188} INFO - [2024-06-22T09:57:19.219+0000] {dag.py:3954} INFO - Setting next_dagrun for task_flow_dag to 2024-06-22 00:00:00+00:00, run_after=2024-06-23 00:00:00+00:00
[2024-06-22T09:57:19.227+0000] {processor.py:183} INFO - Processing /opt/airflow/dags/task_flow_dag.py took 0.073 seconds
[2024-06-22T09:57:33.377+0000] {processor.py:161} INFO - Started process (PID=4179) to work on /opt/airflow/dags/task_flow_dag.py
[2024-06-22T09:57:33.378+0000] {processor.py:830} INFO - Processing file /opt/airflow/dags/task_flow_dag.py for tasks to queue
[2024-06-22T09:57:33.379+0000] {logging_mixin.py:188} INFO - [2024-06-22T09:57:33.379+0000] {dagbag.py:545} INFO - Filling up the DagBag from /opt/airflow/dags/task_flow_dag.py
[2024-06-22T09:57:33.395+0000] {processor.py:840} INFO - DAG(s) 'task_flow_dag' retrieved from /opt/airflow/dags/task_flow_dag.py
[2024-06-22T09:57:33.422+0000] {logging_mixin.py:188} INFO - [2024-06-22T09:57:33.422+0000] {dag.py:3096} INFO - Sync 1 DAGs
[2024-06-22T09:57:33.436+0000] {logging_mixin.py:188} INFO - [2024-06-22T09:57:33.436+0000] {dag.py:3954} INFO - Setting next_dagrun for task_flow_dag to 2024-06-22 00:00:00+00:00, run_after=2024-06-23 00:00:00+00:00
[2024-06-22T09:57:33.445+0000] {processor.py:183} INFO - Processing /opt/airflow/dags/task_flow_dag.py took 0.072 seconds
[2024-06-22T09:57:38.475+0000] {processor.py:161} INFO - Started process (PID=4180) to work on /opt/airflow/dags/task_flow_dag.py
[2024-06-22T09:57:38.476+0000] {processor.py:830} INFO - Processing file /opt/airflow/dags/task_flow_dag.py for tasks to queue
[2024-06-22T09:57:38.477+0000] {logging_mixin.py:188} INFO - [2024-06-22T09:57:38.476+0000] {dagbag.py:545} INFO - Filling up the DagBag from /opt/airflow/dags/task_flow_dag.py
[2024-06-22T09:57:38.489+0000] {processor.py:840} INFO - DAG(s) 'task_flow_dag' retrieved from /opt/airflow/dags/task_flow_dag.py
[2024-06-22T09:57:38.507+0000] {logging_mixin.py:188} INFO - [2024-06-22T09:57:38.507+0000] {dag.py:3096} INFO - Sync 1 DAGs
[2024-06-22T09:57:38.519+0000] {logging_mixin.py:188} INFO - [2024-06-22T09:57:38.519+0000] {dag.py:3954} INFO - Setting next_dagrun for task_flow_dag to 2024-06-22 00:00:00+00:00, run_after=2024-06-23 00:00:00+00:00
[2024-06-22T09:57:38.528+0000] {processor.py:183} INFO - Processing /opt/airflow/dags/task_flow_dag.py took 0.057 seconds
[2024-06-22T09:57:49.636+0000] {processor.py:161} INFO - Started process (PID=4182) to work on /opt/airflow/dags/task_flow_dag.py
[2024-06-22T09:57:49.637+0000] {processor.py:830} INFO - Processing file /opt/airflow/dags/task_flow_dag.py for tasks to queue
[2024-06-22T09:57:49.638+0000] {logging_mixin.py:188} INFO - [2024-06-22T09:57:49.638+0000] {dagbag.py:545} INFO - Filling up the DagBag from /opt/airflow/dags/task_flow_dag.py
[2024-06-22T09:57:49.651+0000] {processor.py:840} INFO - DAG(s) 'task_flow_dag' retrieved from /opt/airflow/dags/task_flow_dag.py
[2024-06-22T09:57:49.673+0000] {logging_mixin.py:188} INFO - [2024-06-22T09:57:49.673+0000] {dag.py:3096} INFO - Sync 1 DAGs
[2024-06-22T09:57:49.686+0000] {logging_mixin.py:188} INFO - [2024-06-22T09:57:49.685+0000] {dag.py:3954} INFO - Setting next_dagrun for task_flow_dag to 2024-06-22 00:00:00+00:00, run_after=2024-06-23 00:00:00+00:00
[2024-06-22T09:57:49.695+0000] {processor.py:183} INFO - Processing /opt/airflow/dags/task_flow_dag.py took 0.065 seconds
[2024-06-22T09:58:20.089+0000] {processor.py:161} INFO - Started process (PID=4195) to work on /opt/airflow/dags/task_flow_dag.py
[2024-06-22T09:58:20.090+0000] {processor.py:830} INFO - Processing file /opt/airflow/dags/task_flow_dag.py for tasks to queue
[2024-06-22T09:58:20.091+0000] {logging_mixin.py:188} INFO - [2024-06-22T09:58:20.091+0000] {dagbag.py:545} INFO - Filling up the DagBag from /opt/airflow/dags/task_flow_dag.py
[2024-06-22T09:58:20.105+0000] {processor.py:840} INFO - DAG(s) 'task_flow_dag' retrieved from /opt/airflow/dags/task_flow_dag.py
[2024-06-22T09:58:20.130+0000] {logging_mixin.py:188} INFO - [2024-06-22T09:58:20.130+0000] {dag.py:3096} INFO - Sync 1 DAGs
[2024-06-22T09:58:20.141+0000] {logging_mixin.py:188} INFO - [2024-06-22T09:58:20.140+0000] {dag.py:3954} INFO - Setting next_dagrun for task_flow_dag to 2024-06-22 00:00:00+00:00, run_after=2024-06-23 00:00:00+00:00
[2024-06-22T09:58:20.149+0000] {processor.py:183} INFO - Processing /opt/airflow/dags/task_flow_dag.py took 0.067 seconds
[2024-06-22T09:58:50.471+0000] {processor.py:161} INFO - Started process (PID=4204) to work on /opt/airflow/dags/task_flow_dag.py
[2024-06-22T09:58:50.472+0000] {processor.py:830} INFO - Processing file /opt/airflow/dags/task_flow_dag.py for tasks to queue
[2024-06-22T09:58:50.473+0000] {logging_mixin.py:188} INFO - [2024-06-22T09:58:50.473+0000] {dagbag.py:545} INFO - Filling up the DagBag from /opt/airflow/dags/task_flow_dag.py
[2024-06-22T09:58:50.482+0000] {processor.py:840} INFO - DAG(s) 'task_flow_dag' retrieved from /opt/airflow/dags/task_flow_dag.py
[2024-06-22T09:58:50.503+0000] {logging_mixin.py:188} INFO - [2024-06-22T09:58:50.503+0000] {dag.py:3096} INFO - Sync 1 DAGs
[2024-06-22T09:58:50.516+0000] {logging_mixin.py:188} INFO - [2024-06-22T09:58:50.515+0000] {dag.py:3954} INFO - Setting next_dagrun for task_flow_dag to 2024-06-22 00:00:00+00:00, run_after=2024-06-23 00:00:00+00:00
[2024-06-22T09:58:50.525+0000] {processor.py:183} INFO - Processing /opt/airflow/dags/task_flow_dag.py took 0.059 seconds
[2024-06-22T09:59:20.910+0000] {processor.py:161} INFO - Started process (PID=4213) to work on /opt/airflow/dags/task_flow_dag.py
[2024-06-22T09:59:20.911+0000] {processor.py:830} INFO - Processing file /opt/airflow/dags/task_flow_dag.py for tasks to queue
[2024-06-22T09:59:20.912+0000] {logging_mixin.py:188} INFO - [2024-06-22T09:59:20.912+0000] {dagbag.py:545} INFO - Filling up the DagBag from /opt/airflow/dags/task_flow_dag.py
[2024-06-22T09:59:20.922+0000] {processor.py:840} INFO - DAG(s) 'task_flow_dag' retrieved from /opt/airflow/dags/task_flow_dag.py
[2024-06-22T09:59:20.944+0000] {logging_mixin.py:188} INFO - [2024-06-22T09:59:20.944+0000] {dag.py:3096} INFO - Sync 1 DAGs
[2024-06-22T09:59:20.959+0000] {logging_mixin.py:188} INFO - [2024-06-22T09:59:20.959+0000] {dag.py:3954} INFO - Setting next_dagrun for task_flow_dag to 2024-06-22 00:00:00+00:00, run_after=2024-06-23 00:00:00+00:00
[2024-06-22T09:59:20.969+0000] {processor.py:183} INFO - Processing /opt/airflow/dags/task_flow_dag.py took 0.066 seconds
[2024-06-22T09:59:51.292+0000] {processor.py:161} INFO - Started process (PID=4222) to work on /opt/airflow/dags/task_flow_dag.py
[2024-06-22T09:59:51.293+0000] {processor.py:830} INFO - Processing file /opt/airflow/dags/task_flow_dag.py for tasks to queue
[2024-06-22T09:59:51.294+0000] {logging_mixin.py:188} INFO - [2024-06-22T09:59:51.294+0000] {dagbag.py:545} INFO - Filling up the DagBag from /opt/airflow/dags/task_flow_dag.py
[2024-06-22T09:59:51.303+0000] {processor.py:840} INFO - DAG(s) 'task_flow_dag' retrieved from /opt/airflow/dags/task_flow_dag.py
[2024-06-22T09:59:51.320+0000] {logging_mixin.py:188} INFO - [2024-06-22T09:59:51.320+0000] {dag.py:3096} INFO - Sync 1 DAGs
[2024-06-22T09:59:51.331+0000] {logging_mixin.py:188} INFO - [2024-06-22T09:59:51.331+0000] {dag.py:3954} INFO - Setting next_dagrun for task_flow_dag to 2024-06-22 00:00:00+00:00, run_after=2024-06-23 00:00:00+00:00
[2024-06-22T09:59:51.339+0000] {processor.py:183} INFO - Processing /opt/airflow/dags/task_flow_dag.py took 0.055 seconds
[2024-06-22T10:00:21.709+0000] {processor.py:161} INFO - Started process (PID=4231) to work on /opt/airflow/dags/task_flow_dag.py
[2024-06-22T10:00:21.710+0000] {processor.py:830} INFO - Processing file /opt/airflow/dags/task_flow_dag.py for tasks to queue
[2024-06-22T10:00:21.712+0000] {logging_mixin.py:188} INFO - [2024-06-22T10:00:21.711+0000] {dagbag.py:545} INFO - Filling up the DagBag from /opt/airflow/dags/task_flow_dag.py
[2024-06-22T10:00:21.728+0000] {processor.py:840} INFO - DAG(s) 'task_flow_dag' retrieved from /opt/airflow/dags/task_flow_dag.py
[2024-06-22T10:00:21.753+0000] {logging_mixin.py:188} INFO - [2024-06-22T10:00:21.753+0000] {dag.py:3096} INFO - Sync 1 DAGs
[2024-06-22T10:00:21.764+0000] {logging_mixin.py:188} INFO - [2024-06-22T10:00:21.764+0000] {dag.py:3954} INFO - Setting next_dagrun for task_flow_dag to 2024-06-22 00:00:00+00:00, run_after=2024-06-23 00:00:00+00:00
[2024-06-22T10:00:21.772+0000] {processor.py:183} INFO - Processing /opt/airflow/dags/task_flow_dag.py took 0.070 seconds
[2024-06-22T10:00:52.086+0000] {processor.py:161} INFO - Started process (PID=4239) to work on /opt/airflow/dags/task_flow_dag.py
[2024-06-22T10:00:52.087+0000] {processor.py:830} INFO - Processing file /opt/airflow/dags/task_flow_dag.py for tasks to queue
[2024-06-22T10:00:52.089+0000] {logging_mixin.py:188} INFO - [2024-06-22T10:00:52.088+0000] {dagbag.py:545} INFO - Filling up the DagBag from /opt/airflow/dags/task_flow_dag.py
[2024-06-22T10:00:52.108+0000] {processor.py:840} INFO - DAG(s) 'task_flow_dag' retrieved from /opt/airflow/dags/task_flow_dag.py
[2024-06-22T10:00:52.136+0000] {logging_mixin.py:188} INFO - [2024-06-22T10:00:52.135+0000] {dag.py:3096} INFO - Sync 1 DAGs
[2024-06-22T10:00:52.146+0000] {logging_mixin.py:188} INFO - [2024-06-22T10:00:52.146+0000] {dag.py:3954} INFO - Setting next_dagrun for task_flow_dag to 2024-06-22 00:00:00+00:00, run_after=2024-06-23 00:00:00+00:00
[2024-06-22T10:00:52.154+0000] {processor.py:183} INFO - Processing /opt/airflow/dags/task_flow_dag.py took 0.078 seconds
[2024-06-22T10:01:22.494+0000] {processor.py:161} INFO - Started process (PID=4248) to work on /opt/airflow/dags/task_flow_dag.py
[2024-06-22T10:01:22.495+0000] {processor.py:830} INFO - Processing file /opt/airflow/dags/task_flow_dag.py for tasks to queue
[2024-06-22T10:01:22.496+0000] {logging_mixin.py:188} INFO - [2024-06-22T10:01:22.496+0000] {dagbag.py:545} INFO - Filling up the DagBag from /opt/airflow/dags/task_flow_dag.py
[2024-06-22T10:01:22.513+0000] {processor.py:840} INFO - DAG(s) 'task_flow_dag' retrieved from /opt/airflow/dags/task_flow_dag.py
[2024-06-22T10:01:22.542+0000] {logging_mixin.py:188} INFO - [2024-06-22T10:01:22.542+0000] {dag.py:3096} INFO - Sync 1 DAGs
[2024-06-22T10:01:22.553+0000] {logging_mixin.py:188} INFO - [2024-06-22T10:01:22.553+0000] {dag.py:3954} INFO - Setting next_dagrun for task_flow_dag to 2024-06-22 00:00:00+00:00, run_after=2024-06-23 00:00:00+00:00
[2024-06-22T10:01:22.562+0000] {processor.py:183} INFO - Processing /opt/airflow/dags/task_flow_dag.py took 0.079 seconds
[2024-06-22T10:01:52.872+0000] {processor.py:161} INFO - Started process (PID=4257) to work on /opt/airflow/dags/task_flow_dag.py
[2024-06-22T10:01:52.873+0000] {processor.py:830} INFO - Processing file /opt/airflow/dags/task_flow_dag.py for tasks to queue
[2024-06-22T10:01:52.874+0000] {logging_mixin.py:188} INFO - [2024-06-22T10:01:52.874+0000] {dagbag.py:545} INFO - Filling up the DagBag from /opt/airflow/dags/task_flow_dag.py
[2024-06-22T10:01:52.889+0000] {processor.py:840} INFO - DAG(s) 'task_flow_dag' retrieved from /opt/airflow/dags/task_flow_dag.py
[2024-06-22T10:01:52.907+0000] {logging_mixin.py:188} INFO - [2024-06-22T10:01:52.906+0000] {dag.py:3096} INFO - Sync 1 DAGs
[2024-06-22T10:01:52.918+0000] {logging_mixin.py:188} INFO - [2024-06-22T10:01:52.918+0000] {dag.py:3954} INFO - Setting next_dagrun for task_flow_dag to 2024-06-22 00:00:00+00:00, run_after=2024-06-23 00:00:00+00:00
[2024-06-22T10:01:52.927+0000] {processor.py:183} INFO - Processing /opt/airflow/dags/task_flow_dag.py took 0.062 seconds
[2024-06-22T10:02:23.246+0000] {processor.py:161} INFO - Started process (PID=4266) to work on /opt/airflow/dags/task_flow_dag.py
[2024-06-22T10:02:23.247+0000] {processor.py:830} INFO - Processing file /opt/airflow/dags/task_flow_dag.py for tasks to queue
[2024-06-22T10:02:23.248+0000] {logging_mixin.py:188} INFO - [2024-06-22T10:02:23.248+0000] {dagbag.py:545} INFO - Filling up the DagBag from /opt/airflow/dags/task_flow_dag.py
[2024-06-22T10:02:23.257+0000] {processor.py:840} INFO - DAG(s) 'task_flow_dag' retrieved from /opt/airflow/dags/task_flow_dag.py
[2024-06-22T10:02:23.277+0000] {logging_mixin.py:188} INFO - [2024-06-22T10:02:23.277+0000] {dag.py:3096} INFO - Sync 1 DAGs
[2024-06-22T10:02:23.290+0000] {logging_mixin.py:188} INFO - [2024-06-22T10:02:23.290+0000] {dag.py:3954} INFO - Setting next_dagrun for task_flow_dag to 2024-06-22 00:00:00+00:00, run_after=2024-06-23 00:00:00+00:00
[2024-06-22T10:02:23.299+0000] {processor.py:183} INFO - Processing /opt/airflow/dags/task_flow_dag.py took 0.057 seconds
[2024-06-22T10:02:53.569+0000] {processor.py:161} INFO - Started process (PID=4275) to work on /opt/airflow/dags/task_flow_dag.py
[2024-06-22T10:02:53.570+0000] {processor.py:830} INFO - Processing file /opt/airflow/dags/task_flow_dag.py for tasks to queue
[2024-06-22T10:02:53.570+0000] {logging_mixin.py:188} INFO - [2024-06-22T10:02:53.570+0000] {dagbag.py:545} INFO - Filling up the DagBag from /opt/airflow/dags/task_flow_dag.py
[2024-06-22T10:02:53.579+0000] {processor.py:840} INFO - DAG(s) 'task_flow_dag' retrieved from /opt/airflow/dags/task_flow_dag.py
[2024-06-22T10:02:53.596+0000] {logging_mixin.py:188} INFO - [2024-06-22T10:02:53.596+0000] {dag.py:3096} INFO - Sync 1 DAGs
[2024-06-22T10:02:53.606+0000] {logging_mixin.py:188} INFO - [2024-06-22T10:02:53.606+0000] {dag.py:3954} INFO - Setting next_dagrun for task_flow_dag to 2024-06-22 00:00:00+00:00, run_after=2024-06-23 00:00:00+00:00
[2024-06-22T10:02:53.613+0000] {processor.py:183} INFO - Processing /opt/airflow/dags/task_flow_dag.py took 0.048 seconds
[2024-06-22T10:03:23.936+0000] {processor.py:161} INFO - Started process (PID=4284) to work on /opt/airflow/dags/task_flow_dag.py
[2024-06-22T10:03:23.936+0000] {processor.py:830} INFO - Processing file /opt/airflow/dags/task_flow_dag.py for tasks to queue
[2024-06-22T10:03:23.937+0000] {logging_mixin.py:188} INFO - [2024-06-22T10:03:23.937+0000] {dagbag.py:545} INFO - Filling up the DagBag from /opt/airflow/dags/task_flow_dag.py
[2024-06-22T10:03:23.945+0000] {processor.py:840} INFO - DAG(s) 'task_flow_dag' retrieved from /opt/airflow/dags/task_flow_dag.py
[2024-06-22T10:03:23.959+0000] {logging_mixin.py:188} INFO - [2024-06-22T10:03:23.959+0000] {dag.py:3096} INFO - Sync 1 DAGs
[2024-06-22T10:03:23.969+0000] {logging_mixin.py:188} INFO - [2024-06-22T10:03:23.968+0000] {dag.py:3954} INFO - Setting next_dagrun for task_flow_dag to 2024-06-22 00:00:00+00:00, run_after=2024-06-23 00:00:00+00:00
[2024-06-22T10:03:23.977+0000] {processor.py:183} INFO - Processing /opt/airflow/dags/task_flow_dag.py took 0.044 seconds
