[2024-06-22T09:57:01.462+0000] {local_task_job_runner.py:120} INFO - ::group::Pre task execution logs
[2024-06-22T09:57:01.472+0000] {taskinstance.py:2076} INFO - Dependencies all met for dep_context=non-requeueable deps ti=<TaskInstance: task_flow_dag.hello manual__2024-06-22T09:56:59.248577+00:00 [queued]>
[2024-06-22T09:57:01.476+0000] {taskinstance.py:2076} INFO - Dependencies all met for dep_context=requeueable deps ti=<TaskInstance: task_flow_dag.hello manual__2024-06-22T09:56:59.248577+00:00 [queued]>
[2024-06-22T09:57:01.476+0000] {taskinstance.py:2306} INFO - Starting attempt 1 of 6
[2024-06-22T09:57:01.482+0000] {taskinstance.py:2330} INFO - Executing <Task(_PythonDecoratedOperator): hello> on 2024-06-22 09:56:59.248577+00:00
[2024-06-22T09:57:01.484+0000] {warnings.py:112} WARNING - /home/***/.local/lib/python3.12/site-packages/***/task/task_runner/standard_task_runner.py:61: DeprecationWarning: This process (pid=3833) is multi-threaded, use of fork() may lead to deadlocks in the child.
  pid = os.fork()

[2024-06-22T09:57:01.485+0000] {standard_task_runner.py:90} INFO - Running: ['***', 'tasks', 'run', 'task_flow_dag', 'hello', 'manual__2024-06-22T09:56:59.248577+00:00', '--job-id', '25', '--raw', '--subdir', 'DAGS_FOLDER/task_flow_dag.py', '--cfg-path', '/tmp/tmppl_cn9_6']
[2024-06-22T09:57:01.486+0000] {standard_task_runner.py:63} INFO - Started process 3834 to run task
[2024-06-22T09:57:01.486+0000] {standard_task_runner.py:91} INFO - Job 25: Subtask hello
[2024-06-22T09:57:01.506+0000] {task_command.py:426} INFO - Running <TaskInstance: task_flow_dag.hello manual__2024-06-22T09:56:59.248577+00:00 [running]> on host 65f8df8d6172
[2024-06-22T09:57:01.546+0000] {taskinstance.py:2648} INFO - Exporting env vars: AIRFLOW_CTX_DAG_OWNER='gnosia93' AIRFLOW_CTX_DAG_ID='task_flow_dag' AIRFLOW_CTX_TASK_ID='hello' AIRFLOW_CTX_EXECUTION_DATE='2024-06-22T09:56:59.248577+00:00' AIRFLOW_CTX_TRY_NUMBER='1' AIRFLOW_CTX_DAG_RUN_ID='manual__2024-06-22T09:56:59.248577+00:00'
[2024-06-22T09:57:01.547+0000] {taskinstance.py:430} INFO - ::endgroup::
[2024-06-22T09:57:01.547+0000] {logging_mixin.py:188} INFO - Hello ETL !, My name is gnosia93 and I am 50 years old! 
[2024-06-22T09:57:01.547+0000] {python.py:237} INFO - Done. Returned value was: None
[2024-06-22T09:57:01.548+0000] {taskinstance.py:441} INFO - ::group::Post task execution logs
[2024-06-22T09:57:01.552+0000] {taskinstance.py:1206} INFO - Marking task as SUCCESS. dag_id=task_flow_dag, task_id=hello, run_id=manual__2024-06-22T09:56:59.248577+00:00, execution_date=20240622T095659, start_date=20240622T095701, end_date=20240622T095701
[2024-06-22T09:57:01.587+0000] {local_task_job_runner.py:240} INFO - Task exited with return code 0
[2024-06-22T09:57:01.595+0000] {taskinstance.py:3503} INFO - 0 downstream tasks scheduled from follow-on schedule check
[2024-06-22T09:57:01.596+0000] {local_task_job_runner.py:222} INFO - ::endgroup::
