[2024-06-22T07:34:56.071+0000] {local_task_job_runner.py:120} INFO - ::group::Pre task execution logs
[2024-06-22T07:34:56.085+0000] {taskinstance.py:2076} INFO - Dependencies all met for dep_context=non-requeueable deps ti=<TaskInstance: first_dag_v2.first_task manual__2024-06-22T07:34:55.796357+00:00 [queued]>
[2024-06-22T07:34:56.090+0000] {taskinstance.py:2076} INFO - Dependencies all met for dep_context=requeueable deps ti=<TaskInstance: first_dag_v2.first_task manual__2024-06-22T07:34:55.796357+00:00 [queued]>
[2024-06-22T07:34:56.090+0000] {taskinstance.py:2306} INFO - Starting attempt 1 of 6
[2024-06-22T07:34:56.096+0000] {taskinstance.py:2330} INFO - Executing <Task(BashOperator): first_task> on 2024-06-22 07:34:55.796357+00:00
[2024-06-22T07:34:56.098+0000] {warnings.py:112} WARNING - /home/***/.local/lib/python3.12/site-packages/***/task/task_runner/standard_task_runner.py:61: DeprecationWarning: This process (pid=1883) is multi-threaded, use of fork() may lead to deadlocks in the child.
  pid = os.fork()

[2024-06-22T07:34:56.100+0000] {standard_task_runner.py:63} INFO - Started process 1884 to run task
[2024-06-22T07:34:56.100+0000] {standard_task_runner.py:90} INFO - Running: ['***', 'tasks', 'run', 'first_dag_v2', 'first_task', 'manual__2024-06-22T07:34:55.796357+00:00', '--job-id', '6', '--raw', '--subdir', 'DAGS_FOLDER/first_dag.py', '--cfg-path', '/tmp/tmpjl0czc63']
[2024-06-22T07:34:56.101+0000] {standard_task_runner.py:91} INFO - Job 6: Subtask first_task
[2024-06-22T07:34:56.126+0000] {task_command.py:426} INFO - Running <TaskInstance: first_dag_v2.first_task manual__2024-06-22T07:34:55.796357+00:00 [running]> on host 65f8df8d6172
[2024-06-22T07:34:56.169+0000] {taskinstance.py:2648} INFO - Exporting env vars: AIRFLOW_CTX_DAG_OWNER='gnosia93' AIRFLOW_CTX_DAG_ID='first_dag_v2' AIRFLOW_CTX_TASK_ID='first_task' AIRFLOW_CTX_EXECUTION_DATE='2024-06-22T07:34:55.796357+00:00' AIRFLOW_CTX_TRY_NUMBER='1' AIRFLOW_CTX_DAG_RUN_ID='manual__2024-06-22T07:34:55.796357+00:00'
[2024-06-22T07:34:56.169+0000] {taskinstance.py:430} INFO - ::endgroup::
[2024-06-22T07:34:56.177+0000] {subprocess.py:63} INFO - Tmp dir root location: /tmp
[2024-06-22T07:34:56.177+0000] {subprocess.py:75} INFO - Running command: ['/usr/bin/bash', '-c', 'echo hello world. gnosia93']
[2024-06-22T07:34:56.181+0000] {subprocess.py:86} INFO - Output:
[2024-06-22T07:34:56.182+0000] {subprocess.py:93} INFO - hello world. gnosia93
[2024-06-22T07:34:56.182+0000] {subprocess.py:97} INFO - Command exited with return code 0
[2024-06-22T07:34:56.183+0000] {taskinstance.py:441} INFO - ::group::Post task execution logs
[2024-06-22T07:34:56.196+0000] {taskinstance.py:1206} INFO - Marking task as SUCCESS. dag_id=first_dag_v2, task_id=first_task, run_id=manual__2024-06-22T07:34:55.796357+00:00, execution_date=20240622T073455, start_date=20240622T073456, end_date=20240622T073456
[2024-06-22T07:34:56.240+0000] {local_task_job_runner.py:240} INFO - Task exited with return code 0
[2024-06-22T07:34:56.251+0000] {taskinstance.py:3503} INFO - 1 downstream tasks scheduled from follow-on schedule check
[2024-06-22T07:34:56.252+0000] {local_task_job_runner.py:222} INFO - ::endgroup::
