[2024-06-22T09:58:19.248+0000] {local_task_job_runner.py:120} INFO - ::group::Pre task execution logs
[2024-06-22T09:58:19.260+0000] {taskinstance.py:2076} INFO - Dependencies all met for dep_context=non-requeueable deps ti=<TaskInstance: task_flow_dag.hello manual__2024-06-22T09:58:17.668240+00:00 [queued]>
[2024-06-22T09:58:19.264+0000] {taskinstance.py:2076} INFO - Dependencies all met for dep_context=requeueable deps ti=<TaskInstance: task_flow_dag.hello manual__2024-06-22T09:58:17.668240+00:00 [queued]>
[2024-06-22T09:58:19.264+0000] {taskinstance.py:2306} INFO - Starting attempt 1 of 6
[2024-06-22T09:58:19.270+0000] {taskinstance.py:2330} INFO - Executing <Task(_PythonDecoratedOperator): hello> on 2024-06-22 09:58:17.668240+00:00
[2024-06-22T09:58:19.272+0000] {warnings.py:112} WARNING - /home/***/.local/lib/python3.12/site-packages/***/task/task_runner/standard_task_runner.py:61: DeprecationWarning: This process (pid=3853) is multi-threaded, use of fork() may lead to deadlocks in the child.
  pid = os.fork()

[2024-06-22T09:58:19.273+0000] {standard_task_runner.py:63} INFO - Started process 3854 to run task
[2024-06-22T09:58:19.273+0000] {standard_task_runner.py:90} INFO - Running: ['***', 'tasks', 'run', 'task_flow_dag', 'hello', 'manual__2024-06-22T09:58:17.668240+00:00', '--job-id', '28', '--raw', '--subdir', 'DAGS_FOLDER/task_flow_dag.py', '--cfg-path', '/tmp/tmphcht5g8_']
[2024-06-22T09:58:19.274+0000] {standard_task_runner.py:91} INFO - Job 28: Subtask hello
[2024-06-22T09:58:19.293+0000] {task_command.py:426} INFO - Running <TaskInstance: task_flow_dag.hello manual__2024-06-22T09:58:17.668240+00:00 [running]> on host 65f8df8d6172
[2024-06-22T09:58:19.339+0000] {taskinstance.py:2648} INFO - Exporting env vars: AIRFLOW_CTX_DAG_OWNER='gnosia93' AIRFLOW_CTX_DAG_ID='task_flow_dag' AIRFLOW_CTX_TASK_ID='hello' AIRFLOW_CTX_EXECUTION_DATE='2024-06-22T09:58:17.668240+00:00' AIRFLOW_CTX_TRY_NUMBER='1' AIRFLOW_CTX_DAG_RUN_ID='manual__2024-06-22T09:58:17.668240+00:00'
[2024-06-22T09:58:19.339+0000] {taskinstance.py:430} INFO - ::endgroup::
[2024-06-22T09:58:19.340+0000] {logging_mixin.py:188} INFO - Hello ETL !, My name is soon~~ and I am 30 years old! 
[2024-06-22T09:58:19.340+0000] {python.py:237} INFO - Done. Returned value was: None
[2024-06-22T09:58:19.340+0000] {taskinstance.py:441} INFO - ::group::Post task execution logs
[2024-06-22T09:58:19.344+0000] {taskinstance.py:1206} INFO - Marking task as SUCCESS. dag_id=task_flow_dag, task_id=hello, run_id=manual__2024-06-22T09:58:17.668240+00:00, execution_date=20240622T095817, start_date=20240622T095819, end_date=20240622T095819
[2024-06-22T09:58:19.373+0000] {local_task_job_runner.py:240} INFO - Task exited with return code 0
[2024-06-22T09:58:19.381+0000] {taskinstance.py:3503} INFO - 0 downstream tasks scheduled from follow-on schedule check
[2024-06-22T09:58:19.382+0000] {local_task_job_runner.py:222} INFO - ::endgroup::
